Arguments: 
  C:\Users\norfl\node\node.exe C:\Program Files (x86)\Yarn\bin\yarn.js dev-main

PATH: 
  C:\Users\norfl\bin;C:\Program Files\git\usr\local\bin;C:\Program Files\git\usr\bin;C:\Program Files\git\usr\bin;C:\Program Files\git\opt\bin;C:\Program Files\Alacritty;C:\Program Files\NVIDIA GPU Computing Toolkit\CUDA\v10.2\bin;C:\Program Files\NVIDIA GPU Computing Toolkit\CUDA\v10.2\libnvvp;C:\Python38\Scripts;C:\Python38;C:\Windows\system32;C:\Windows;C:\Windows\System32\Wbem;C:\Windows\System32\WindowsPowerShell\v1.0;C:\Windows\System32\OpenSSH;C:\ProgramData\chocolatey\bin;C:\Program Files\Git\cmd;C:\Program Files (x86)\Yarn\bin;C:\Program Files\NVIDIA Corporation\Nsight Compute 2019.5.0;C:\Program Files (x86)\NVIDIA Corporation\PhysX\Common;C:\Program Files\NVIDIA Corporation\NVIDIA NvDLISR;C:\Users\norfl\node;C:\Php;C:\ProgramData\ComposerSetup\bin;C:\Program Files\Docker\Docker\resources\bin;C:\ProgramData\DockerDesktop\version-bin;C:\Program Files\PuTTY;C:\Go\bin;C:\Ruby27-x64\bin;C:\Users\norfl\AppData\Local\Microsoft\WindowsApps;C:\Users\norfl\Neovim\bin;C:\Program Files\heroku\bin;C:\MinGW\bin;C:\Users\norfl\AppData\Local\Yarn\bin;C:\Users\norfl\AppData\Roaming\cabal\bin;C:\ProgramData\chocolatey\lib\ghc\tools\ghc-8.10.1\bin;C:\tools\msys64;C:\Users\norfl\AppData\Local\Android\sdk\platform-tools;C:\Users\norfl\AppData\Local\Programs\Microsoft VS Code\bin;C:\Users\norfl\AppData\Roaming\npm;C:\Users\norfl\node;C:\Users\norfl\AppData\Roaming\Composer\vendor\bin;C:\Users\norfl\AppData\Local\hyper\app-3.0.2\resources\bin;C:\Users\norfl\go\bin;C:\Program Files\git\usr\bin\vendor_perl;C:\Program Files\git\usr\bin\core_perl

Yarn version: 
  1.22.4

Node version: 
  14.15.0

Platform: 
  win32 x64

Trace: 
  SyntaxError: C:\Users\norfl\main\code\ts-boilerplate\package.json: Unexpected token } in JSON at position 290
      at JSON.parse (<anonymous>)
      at C:\Program Files (x86)\Yarn\lib\cli.js:1625:59
      at Generator.next (<anonymous>)
      at step (C:\Program Files (x86)\Yarn\lib\cli.js:310:30)
      at C:\Program Files (x86)\Yarn\lib\cli.js:321:13

npm manifest: 
  {
    "name": "ts-boilerplate",
    "version": "1.0.0",
    "description": "",
    "scripts": {
      "build-main": "rollup -c --environment inputFolder:main",
      "start-main": "node ./dist/main/bundle.js",
      "dev-main": "rollup -c --environment inputFolder:main && node ./dist/main/bundle.js",
    },
    "devDependencies": {
      "@rollup/plugin-commonjs": "^11.1.0",
      "@rollup/plugin-json": "^4.0.3",
      "@rollup/plugin-node-resolve": "^7.1.3",
      "@types/express": "^4.17.9",
      "@types/request-promise-native": "^1.0.17",
      "@wessberg/rollup-plugin-ts": "^1.2.28",
      "rollup": "^2.7.2",
      "rollup-plugin-terser": "^7.0.2",
      "typescript": "^3.8.3"
    },
    "dependencies": {
      "express": "^4.17.1",
      "request": "^2.88.2",
      "request-promise-native": "^1.0.9"
    }
  }

yarn manifest: 
  No manifest

Lockfile: 
  No lockfile
